  Parser.c
C:\Users\dacco\source\repos\NanoHomeScript\NanoHomeScript\Parser\Parser.h(9,26): warning C4091: 'typedef ': ignorato a sinistra di 'Expression' quando non si dichiara alcuna variabile
  (compilazione del file di origine 'Parser/Parser.c')
  
C:\Users\dacco\source\repos\NanoHomeScript\NanoHomeScript\Parser\Parser.c(80,51): warning C4133: 'funzione': tipi non compatibili. Da 'Expression *' a 'Expression *'
C:\Users\dacco\source\repos\NanoHomeScript\NanoHomeScript\Parser\Parser.c(89,31): warning C4133: 'funzione': tipi non compatibili. Da 'Expression *' a 'Expression *'
C:\Users\dacco\source\repos\NanoHomeScript\NanoHomeScript\Parser\Parser.c(106,25): warning C4133: 'funzione': tipi non compatibili. Da 'Expression *' a 'Expression *'
C:\Users\dacco\source\repos\NanoHomeScript\NanoHomeScript\Parser\Parser.c(117,23): warning C4133: 'funzione': tipi non compatibili. Da 'Expression *' a 'Expression *'
C:\Users\dacco\source\repos\NanoHomeScript\NanoHomeScript\Parser\Parser.c(121,24): warning C4133: 'funzione': tipi non compatibili. Da 'Expression *' a 'Expression *'
C:\Users\dacco\source\repos\NanoHomeScript\NanoHomeScript\Parser\Parser.c(132,22): warning C4133: 'funzione': tipi non compatibili. Da 'Expression *' a 'Expression *'
C:\Users\dacco\source\repos\NanoHomeScript\NanoHomeScript\Parser\Parser.c(134,22): warning C4133: 'funzione': tipi non compatibili. Da 'Expression *' a 'Expression *'
C:\Users\dacco\source\repos\NanoHomeScript\NanoHomeScript\Parser\Parser.c(156,20): warning C4133: 'funzione': tipi non compatibili. Da 'Expression *' a 'Expression *'
C:\Users\dacco\source\repos\NanoHomeScript\NanoHomeScript\Parser\Parser.c(161,21): warning C4133: 'funzione': tipi non compatibili. Da 'Expression *' a 'Expression *'
C:\Users\dacco\source\repos\NanoHomeScript\NanoHomeScript\Parser\Parser.c(276,31): warning C4133: '=': tipi non compatibili. Da 'Expression *' a 'Expression *'
C:\Users\dacco\source\repos\NanoHomeScript\NanoHomeScript\Parser\Parser.c(299,20): warning C4133: '=': tipi non compatibili. Da 'Expression *' a 'Expression *'
C:\Users\dacco\source\repos\NanoHomeScript\NanoHomeScript\Parser\Parser.c(321,17): warning C4133: '=': tipi non compatibili. Da 'Expression *' a 'Expression *'
C:\Users\dacco\source\repos\NanoHomeScript\NanoHomeScript\Parser\Parser.c(322,18): warning C4133: '=': tipi non compatibili. Da 'Expression *' a 'Expression *'
C:\Users\dacco\source\repos\NanoHomeScript\NanoHomeScript\Parser\Parser.c(344,26): warning C4133: '=': tipi non compatibili. Da 'Expression *' a 'Expression *'
C:\Users\dacco\source\repos\NanoHomeScript\NanoHomeScript\Parser\Parser.c(345,27): warning C4133: '=': tipi non compatibili. Da 'Expression *' a 'Expression *'
C:\Users\dacco\source\repos\NanoHomeScript\NanoHomeScript\Parser\Parser.c(367,30): warning C4133: '=': tipi non compatibili. Da 'Expression *' a 'Expression *'
C:\Users\dacco\source\repos\NanoHomeScript\NanoHomeScript\Parser\Parser.c(368,28): warning C4133: '=': tipi non compatibili. Da 'Expression *' a 'Expression *'
LINK : fatal error LNK1104: impossibile aprire il file 'C:\Users\dacco\source\repos\NanoHomeScript\Release\NanoHomeScript.exe'
